<?xml version="1.0" encoding="UTF-8"?>
<testsuite xmlns:xsi="http://www.w3.org/2001/XMLSchema-instance" xsi:noNamespaceSchemaLocation="https://maven.apache.org/surefire/maven-surefire-plugin/xsd/surefire-test-report.xsd" name="com.kexun.centmusic.CentmusicApplicationTests" time="13.516" tests="2" errors="1" skipped="0" failures="0">
  <properties>
    <property name="sun.desktop" value="windows"/>
    <property name="awt.toolkit" value="sun.awt.windows.WToolkit"/>
    <property name="file.encoding.pkg" value="sun.io"/>
    <property name="java.specification.version" value="1.8"/>
    <property name="sun.cpu.isalist" value="amd64"/>
    <property name="sun.jnu.encoding" value="GBK"/>
    <property name="java.class.path" value="F:\Java\自研项目\centmusic\centmusic-api\target\test-classes;F:\Java\自研项目\centmusic\centmusic-api\target\classes;F:\Java\maven\repository\commons-codec\commons-codec\1.10\commons-codec-1.10.jar;F:\Java\maven\repository\org\springframework\boot\spring-boot-starter-data-redis\2.2.5.RELEASE\spring-boot-starter-data-redis-2.2.5.RELEASE.jar;F:\Java\maven\repository\org\springframework\data\spring-data-redis\2.2.5.RELEASE\spring-data-redis-2.2.5.RELEASE.jar;F:\Java\maven\repository\org\springframework\data\spring-data-keyvalue\2.2.5.RELEASE\spring-data-keyvalue-2.2.5.RELEASE.jar;F:\Java\maven\repository\org\springframework\data\spring-data-commons\2.2.5.RELEASE\spring-data-commons-2.2.5.RELEASE.jar;F:\Java\maven\repository\org\springframework\spring-tx\5.2.4.RELEASE\spring-tx-5.2.4.RELEASE.jar;F:\Java\maven\repository\org\springframework\spring-oxm\5.2.4.RELEASE\spring-oxm-5.2.4.RELEASE.jar;F:\Java\maven\repository\org\springframework\spring-aop\5.2.4.RELEASE\spring-aop-5.2.4.RELEASE.jar;F:\Java\maven\repository\org\springframework\spring-context-support\5.2.4.RELEASE\spring-context-support-5.2.4.RELEASE.jar;F:\Java\maven\repository\org\slf4j\slf4j-api\1.7.30\slf4j-api-1.7.30.jar;F:\Java\maven\repository\io\lettuce\lettuce-core\5.2.2.RELEASE\lettuce-core-5.2.2.RELEASE.jar;F:\Java\maven\repository\io\netty\netty-common\4.1.45.Final\netty-common-4.1.45.Final.jar;F:\Java\maven\repository\io\netty\netty-handler\4.1.45.Final\netty-handler-4.1.45.Final.jar;F:\Java\maven\repository\io\netty\netty-buffer\4.1.45.Final\netty-buffer-4.1.45.Final.jar;F:\Java\maven\repository\io\netty\netty-codec\4.1.45.Final\netty-codec-4.1.45.Final.jar;F:\Java\maven\repository\io\netty\netty-transport\4.1.45.Final\netty-transport-4.1.45.Final.jar;F:\Java\maven\repository\io\netty\netty-resolver\4.1.45.Final\netty-resolver-4.1.45.Final.jar;F:\Java\maven\repository\io\projectreactor\reactor-core\3.3.3.RELEASE\reactor-core-3.3.3.RELEASE.jar;F:\Java\maven\repository\org\reactivestreams\reactive-streams\1.0.3\reactive-streams-1.0.3.jar;F:\Java\maven\repository\org\springframework\boot\spring-boot-starter-web\2.2.5.RELEASE\spring-boot-starter-web-2.2.5.RELEASE.jar;F:\Java\maven\repository\org\springframework\boot\spring-boot-starter-json\2.2.5.RELEASE\spring-boot-starter-json-2.2.5.RELEASE.jar;F:\Java\maven\repository\com\fasterxml\jackson\core\jackson-databind\2.10.2\jackson-databind-2.10.2.jar;F:\Java\maven\repository\com\fasterxml\jackson\core\jackson-annotations\2.10.2\jackson-annotations-2.10.2.jar;F:\Java\maven\repository\com\fasterxml\jackson\core\jackson-core\2.10.2\jackson-core-2.10.2.jar;F:\Java\maven\repository\com\fasterxml\jackson\datatype\jackson-datatype-jdk8\2.10.2\jackson-datatype-jdk8-2.10.2.jar;F:\Java\maven\repository\com\fasterxml\jackson\datatype\jackson-datatype-jsr310\2.10.2\jackson-datatype-jsr310-2.10.2.jar;F:\Java\maven\repository\com\fasterxml\jackson\module\jackson-module-parameter-names\2.10.2\jackson-module-parameter-names-2.10.2.jar;F:\Java\maven\repository\org\springframework\boot\spring-boot-starter-tomcat\2.2.5.RELEASE\spring-boot-starter-tomcat-2.2.5.RELEASE.jar;F:\Java\maven\repository\org\apache\tomcat\embed\tomcat-embed-core\9.0.31\tomcat-embed-core-9.0.31.jar;F:\Java\maven\repository\org\apache\tomcat\embed\tomcat-embed-el\9.0.31\tomcat-embed-el-9.0.31.jar;F:\Java\maven\repository\org\apache\tomcat\embed\tomcat-embed-websocket\9.0.31\tomcat-embed-websocket-9.0.31.jar;F:\Java\maven\repository\org\springframework\boot\spring-boot-starter-validation\2.2.5.RELEASE\spring-boot-starter-validation-2.2.5.RELEASE.jar;F:\Java\maven\repository\jakarta\validation\jakarta.validation-api\2.0.2\jakarta.validation-api-2.0.2.jar;F:\Java\maven\repository\org\hibernate\validator\hibernate-validator\6.0.18.Final\hibernate-validator-6.0.18.Final.jar;F:\Java\maven\repository\org\jboss\logging\jboss-logging\3.4.1.Final\jboss-logging-3.4.1.Final.jar;F:\Java\maven\repository\com\fasterxml\classmate\1.5.1\classmate-1.5.1.jar;F:\Java\maven\repository\org\springframework\spring-web\5.2.4.RELEASE\spring-web-5.2.4.RELEASE.jar;F:\Java\maven\repository\org\springframework\spring-beans\5.2.4.RELEASE\spring-beans-5.2.4.RELEASE.jar;F:\Java\maven\repository\org\springframework\spring-webmvc\5.2.4.RELEASE\spring-webmvc-5.2.4.RELEASE.jar;F:\Java\maven\repository\org\springframework\spring-context\5.2.4.RELEASE\spring-context-5.2.4.RELEASE.jar;F:\Java\maven\repository\org\springframework\spring-expression\5.2.4.RELEASE\spring-expression-5.2.4.RELEASE.jar;F:\Java\maven\repository\mysql\mysql-connector-java\8.0.19\mysql-connector-java-8.0.19.jar;F:\Java\maven\repository\org\projectlombok\lombok\1.18.12\lombok-1.18.12.jar;F:\Java\maven\repository\org\springframework\boot\spring-boot-starter-test\2.2.5.RELEASE\spring-boot-starter-test-2.2.5.RELEASE.jar;F:\Java\maven\repository\org\springframework\boot\spring-boot-test\2.2.5.RELEASE\spring-boot-test-2.2.5.RELEASE.jar;F:\Java\maven\repository\org\springframework\boot\spring-boot-test-autoconfigure\2.2.5.RELEASE\spring-boot-test-autoconfigure-2.2.5.RELEASE.jar;F:\Java\maven\repository\com\jayway\jsonpath\json-path\2.4.0\json-path-2.4.0.jar;F:\Java\maven\repository\net\minidev\json-smart\2.3\json-smart-2.3.jar;F:\Java\maven\repository\net\minidev\accessors-smart\1.2\accessors-smart-1.2.jar;F:\Java\maven\repository\org\ow2\asm\asm\5.0.4\asm-5.0.4.jar;F:\Java\maven\repository\jakarta\xml\bind\jakarta.xml.bind-api\2.3.2\jakarta.xml.bind-api-2.3.2.jar;F:\Java\maven\repository\jakarta\activation\jakarta.activation-api\1.2.2\jakarta.activation-api-1.2.2.jar;F:\Java\maven\repository\org\junit\jupiter\junit-jupiter\5.5.2\junit-jupiter-5.5.2.jar;F:\Java\maven\repository\org\junit\jupiter\junit-jupiter-api\5.5.2\junit-jupiter-api-5.5.2.jar;F:\Java\maven\repository\org\apiguardian\apiguardian-api\1.1.0\apiguardian-api-1.1.0.jar;F:\Java\maven\repository\org\opentest4j\opentest4j\1.2.0\opentest4j-1.2.0.jar;F:\Java\maven\repository\org\junit\platform\junit-platform-commons\1.5.2\junit-platform-commons-1.5.2.jar;F:\Java\maven\repository\org\junit\jupiter\junit-jupiter-params\5.5.2\junit-jupiter-params-5.5.2.jar;F:\Java\maven\repository\org\junit\jupiter\junit-jupiter-engine\5.5.2\junit-jupiter-engine-5.5.2.jar;F:\Java\maven\repository\org\junit\platform\junit-platform-engine\1.5.2\junit-platform-engine-1.5.2.jar;F:\Java\maven\repository\org\mockito\mockito-junit-jupiter\3.1.0\mockito-junit-jupiter-3.1.0.jar;F:\Java\maven\repository\org\assertj\assertj-core\3.13.2\assertj-core-3.13.2.jar;F:\Java\maven\repository\org\hamcrest\hamcrest\2.1\hamcrest-2.1.jar;F:\Java\maven\repository\org\mockito\mockito-core\3.1.0\mockito-core-3.1.0.jar;F:\Java\maven\repository\net\bytebuddy\byte-buddy\1.10.8\byte-buddy-1.10.8.jar;F:\Java\maven\repository\net\bytebuddy\byte-buddy-agent\1.10.8\byte-buddy-agent-1.10.8.jar;F:\Java\maven\repository\org\objenesis\objenesis\2.6\objenesis-2.6.jar;F:\Java\maven\repository\org\skyscreamer\jsonassert\1.5.0\jsonassert-1.5.0.jar;F:\Java\maven\repository\com\vaadin\external\google\android-json\0.0.20131108.vaadin1\android-json-0.0.20131108.vaadin1.jar;F:\Java\maven\repository\org\springframework\spring-core\5.2.4.RELEASE\spring-core-5.2.4.RELEASE.jar;F:\Java\maven\repository\org\springframework\spring-jcl\5.2.4.RELEASE\spring-jcl-5.2.4.RELEASE.jar;F:\Java\maven\repository\org\springframework\spring-test\5.2.4.RELEASE\spring-test-5.2.4.RELEASE.jar;F:\Java\maven\repository\org\xmlunit\xmlunit-core\2.6.3\xmlunit-core-2.6.3.jar;F:\Java\maven\repository\com\baomidou\mybatis-plus-boot-starter\3.2.0\mybatis-plus-boot-starter-3.2.0.jar;F:\Java\maven\repository\com\baomidou\mybatis-plus\3.2.0\mybatis-plus-3.2.0.jar;F:\Java\maven\repository\com\baomidou\mybatis-plus-extension\3.2.0\mybatis-plus-extension-3.2.0.jar;F:\Java\maven\repository\com\baomidou\mybatis-plus-core\3.2.0\mybatis-plus-core-3.2.0.jar;F:\Java\maven\repository\com\baomidou\mybatis-plus-annotation\3.2.0\mybatis-plus-annotation-3.2.0.jar;F:\Java\maven\repository\com\github\jsqlparser\jsqlparser\2.1\jsqlparser-2.1.jar;F:\Java\maven\repository\org\mybatis\mybatis\3.5.2\mybatis-3.5.2.jar;F:\Java\maven\repository\org\mybatis\mybatis-spring\2.0.2\mybatis-spring-2.0.2.jar;F:\Java\maven\repository\org\springframework\boot\spring-boot-autoconfigure\2.2.5.RELEASE\spring-boot-autoconfigure-2.2.5.RELEASE.jar;F:\Java\maven\repository\org\springframework\boot\spring-boot-starter-jdbc\2.2.5.RELEASE\spring-boot-starter-jdbc-2.2.5.RELEASE.jar;F:\Java\maven\repository\com\zaxxer\HikariCP\3.4.2\HikariCP-3.4.2.jar;F:\Java\maven\repository\org\springframework\spring-jdbc\5.2.4.RELEASE\spring-jdbc-5.2.4.RELEASE.jar;F:\Java\maven\repository\com\alibaba\druid\1.1.12\druid-1.1.12.jar;F:\Java\maven\repository\log4j\log4j\1.2.17\log4j-1.2.17.jar;F:\Java\maven\repository\org\apache\httpcomponents\httpclient\4.5.10\httpclient-4.5.10.jar;F:\Java\maven\repository\org\apache\httpcomponents\httpcore\4.4.13\httpcore-4.4.13.jar;F:\Java\maven\repository\com\alibaba\fastjson\1.2.58\fastjson-1.2.58.jar;F:\Java\maven\repository\com\belerweb\pinyin4j\2.5.0\pinyin4j-2.5.0.jar;F:\Java\maven\repository\io\protostuff\protostuff-core\1.4.0\protostuff-core-1.4.0.jar;F:\Java\maven\repository\io\protostuff\protostuff-api\1.4.0\protostuff-api-1.4.0.jar;F:\Java\maven\repository\io\protostuff\protostuff-runtime\1.4.0\protostuff-runtime-1.4.0.jar;F:\Java\maven\repository\io\protostuff\protostuff-collectionschema\1.4.0\protostuff-collectionschema-1.4.0.jar;F:\Java\maven\repository\net\sourceforge\htmlunit\htmlunit\2.36.0\htmlunit-2.36.0.jar;F:\Java\maven\repository\xalan\xalan\2.7.2\xalan-2.7.2.jar;F:\Java\maven\repository\xalan\serializer\2.7.2\serializer-2.7.2.jar;F:\Java\maven\repository\org\apache\commons\commons-lang3\3.9\commons-lang3-3.9.jar;F:\Java\maven\repository\org\apache\commons\commons-text\1.7\commons-text-1.7.jar;F:\Java\maven\repository\org\apache\httpcomponents\httpmime\4.5.11\httpmime-4.5.11.jar;F:\Java\maven\repository\net\sourceforge\htmlunit\htmlunit-core-js\2.36.0\htmlunit-core-js-2.36.0.jar;F:\Java\maven\repository\net\sourceforge\htmlunit\neko-htmlunit\2.36.0\neko-htmlunit-2.36.0.jar;F:\Java\maven\repository\xerces\xercesImpl\2.12.0\xercesImpl-2.12.0.jar;F:\Java\maven\repository\xml-apis\xml-apis\1.4.01\xml-apis-1.4.01.jar;F:\Java\maven\repository\net\sourceforge\htmlunit\htmlunit-cssparser\1.5.0\htmlunit-cssparser-1.5.0.jar;F:\Java\maven\repository\commons-io\commons-io\2.6\commons-io-2.6.jar;F:\Java\maven\repository\commons-net\commons-net\3.6\commons-net-3.6.jar;F:\Java\maven\repository\org\brotli\dec\0.1.2\dec-0.1.2.jar;F:\Java\maven\repository\org\eclipse\jetty\websocket\websocket-client\9.4.26.v20200117\websocket-client-9.4.26.v20200117.jar;F:\Java\maven\repository\org\eclipse\jetty\jetty-client\9.4.26.v20200117\jetty-client-9.4.26.v20200117.jar;F:\Java\maven\repository\org\eclipse\jetty\jetty-http\9.4.26.v20200117\jetty-http-9.4.26.v20200117.jar;F:\Java\maven\repository\org\eclipse\jetty\jetty-xml\9.4.26.v20200117\jetty-xml-9.4.26.v20200117.jar;F:\Java\maven\repository\org\eclipse\jetty\jetty-util\9.4.26.v20200117\jetty-util-9.4.26.v20200117.jar;F:\Java\maven\repository\org\eclipse\jetty\jetty-io\9.4.26.v20200117\jetty-io-9.4.26.v20200117.jar;F:\Java\maven\repository\org\eclipse\jetty\websocket\websocket-common\9.4.26.v20200117\websocket-common-9.4.26.v20200117.jar;F:\Java\maven\repository\org\eclipse\jetty\websocket\websocket-api\9.4.26.v20200117\websocket-api-9.4.26.v20200117.jar;F:\Java\maven\repository\org\springframework\boot\spring-boot-starter\2.2.5.RELEASE\spring-boot-starter-2.2.5.RELEASE.jar;F:\Java\maven\repository\org\springframework\boot\spring-boot\2.2.5.RELEASE\spring-boot-2.2.5.RELEASE.jar;F:\Java\maven\repository\org\springframework\boot\spring-boot-starter-logging\2.2.5.RELEASE\spring-boot-starter-logging-2.2.5.RELEASE.jar;F:\Java\maven\repository\ch\qos\logback\logback-classic\1.2.3\logback-classic-1.2.3.jar;F:\Java\maven\repository\ch\qos\logback\logback-core\1.2.3\logback-core-1.2.3.jar;F:\Java\maven\repository\org\apache\logging\log4j\log4j-to-slf4j\2.12.1\log4j-to-slf4j-2.12.1.jar;F:\Java\maven\repository\org\apache\logging\log4j\log4j-api\2.12.1\log4j-api-2.12.1.jar;F:\Java\maven\repository\org\slf4j\jul-to-slf4j\1.7.30\jul-to-slf4j-1.7.30.jar;F:\Java\maven\repository\jakarta\annotation\jakarta.annotation-api\1.3.5\jakarta.annotation-api-1.3.5.jar;F:\Java\maven\repository\org\yaml\snakeyaml\1.25\snakeyaml-1.25.jar;"/>
    <property name="java.vm.vendor" value="Oracle Corporation"/>
    <property name="sun.arch.data.model" value="64"/>
    <property name="user.variant" value=""/>
    <property name="java.vendor.url" value="http://java.oracle.com/"/>
    <property name="user.timezone" value="Asia/Shanghai"/>
    <property name="java.vm.specification.version" value="1.8"/>
    <property name="os.name" value="Windows 10"/>
    <property name="user.country" value="CN"/>
    <property name="sun.java.launcher" value="SUN_STANDARD"/>
    <property name="sun.boot.library.path" value="C:\Program Files\Java\jdk1.8.0_201\jre\bin"/>
    <property name="sun.java.command" value="C:\Users\18137\AppData\Local\Temp\surefire4378085615619991446\surefirebooter5590976353121380182.jar C:\Users\18137\AppData\Local\Temp\surefire4378085615619991446 2020-03-11T21-46-49_235-jvmRun1 surefire8933663915426893354tmp surefire_14885323316824112240tmp"/>
    <property name="surefire.test.class.path" value="F:\Java\自研项目\centmusic\centmusic-api\target\test-classes;F:\Java\自研项目\centmusic\centmusic-api\target\classes;F:\Java\maven\repository\commons-codec\commons-codec\1.10\commons-codec-1.10.jar;F:\Java\maven\repository\org\springframework\boot\spring-boot-starter-data-redis\2.2.5.RELEASE\spring-boot-starter-data-redis-2.2.5.RELEASE.jar;F:\Java\maven\repository\org\springframework\data\spring-data-redis\2.2.5.RELEASE\spring-data-redis-2.2.5.RELEASE.jar;F:\Java\maven\repository\org\springframework\data\spring-data-keyvalue\2.2.5.RELEASE\spring-data-keyvalue-2.2.5.RELEASE.jar;F:\Java\maven\repository\org\springframework\data\spring-data-commons\2.2.5.RELEASE\spring-data-commons-2.2.5.RELEASE.jar;F:\Java\maven\repository\org\springframework\spring-tx\5.2.4.RELEASE\spring-tx-5.2.4.RELEASE.jar;F:\Java\maven\repository\org\springframework\spring-oxm\5.2.4.RELEASE\spring-oxm-5.2.4.RELEASE.jar;F:\Java\maven\repository\org\springframework\spring-aop\5.2.4.RELEASE\spring-aop-5.2.4.RELEASE.jar;F:\Java\maven\repository\org\springframework\spring-context-support\5.2.4.RELEASE\spring-context-support-5.2.4.RELEASE.jar;F:\Java\maven\repository\org\slf4j\slf4j-api\1.7.30\slf4j-api-1.7.30.jar;F:\Java\maven\repository\io\lettuce\lettuce-core\5.2.2.RELEASE\lettuce-core-5.2.2.RELEASE.jar;F:\Java\maven\repository\io\netty\netty-common\4.1.45.Final\netty-common-4.1.45.Final.jar;F:\Java\maven\repository\io\netty\netty-handler\4.1.45.Final\netty-handler-4.1.45.Final.jar;F:\Java\maven\repository\io\netty\netty-buffer\4.1.45.Final\netty-buffer-4.1.45.Final.jar;F:\Java\maven\repository\io\netty\netty-codec\4.1.45.Final\netty-codec-4.1.45.Final.jar;F:\Java\maven\repository\io\netty\netty-transport\4.1.45.Final\netty-transport-4.1.45.Final.jar;F:\Java\maven\repository\io\netty\netty-resolver\4.1.45.Final\netty-resolver-4.1.45.Final.jar;F:\Java\maven\repository\io\projectreactor\reactor-core\3.3.3.RELEASE\reactor-core-3.3.3.RELEASE.jar;F:\Java\maven\repository\org\reactivestreams\reactive-streams\1.0.3\reactive-streams-1.0.3.jar;F:\Java\maven\repository\org\springframework\boot\spring-boot-starter-web\2.2.5.RELEASE\spring-boot-starter-web-2.2.5.RELEASE.jar;F:\Java\maven\repository\org\springframework\boot\spring-boot-starter-json\2.2.5.RELEASE\spring-boot-starter-json-2.2.5.RELEASE.jar;F:\Java\maven\repository\com\fasterxml\jackson\core\jackson-databind\2.10.2\jackson-databind-2.10.2.jar;F:\Java\maven\repository\com\fasterxml\jackson\core\jackson-annotations\2.10.2\jackson-annotations-2.10.2.jar;F:\Java\maven\repository\com\fasterxml\jackson\core\jackson-core\2.10.2\jackson-core-2.10.2.jar;F:\Java\maven\repository\com\fasterxml\jackson\datatype\jackson-datatype-jdk8\2.10.2\jackson-datatype-jdk8-2.10.2.jar;F:\Java\maven\repository\com\fasterxml\jackson\datatype\jackson-datatype-jsr310\2.10.2\jackson-datatype-jsr310-2.10.2.jar;F:\Java\maven\repository\com\fasterxml\jackson\module\jackson-module-parameter-names\2.10.2\jackson-module-parameter-names-2.10.2.jar;F:\Java\maven\repository\org\springframework\boot\spring-boot-starter-tomcat\2.2.5.RELEASE\spring-boot-starter-tomcat-2.2.5.RELEASE.jar;F:\Java\maven\repository\org\apache\tomcat\embed\tomcat-embed-core\9.0.31\tomcat-embed-core-9.0.31.jar;F:\Java\maven\repository\org\apache\tomcat\embed\tomcat-embed-el\9.0.31\tomcat-embed-el-9.0.31.jar;F:\Java\maven\repository\org\apache\tomcat\embed\tomcat-embed-websocket\9.0.31\tomcat-embed-websocket-9.0.31.jar;F:\Java\maven\repository\org\springframework\boot\spring-boot-starter-validation\2.2.5.RELEASE\spring-boot-starter-validation-2.2.5.RELEASE.jar;F:\Java\maven\repository\jakarta\validation\jakarta.validation-api\2.0.2\jakarta.validation-api-2.0.2.jar;F:\Java\maven\repository\org\hibernate\validator\hibernate-validator\6.0.18.Final\hibernate-validator-6.0.18.Final.jar;F:\Java\maven\repository\org\jboss\logging\jboss-logging\3.4.1.Final\jboss-logging-3.4.1.Final.jar;F:\Java\maven\repository\com\fasterxml\classmate\1.5.1\classmate-1.5.1.jar;F:\Java\maven\repository\org\springframework\spring-web\5.2.4.RELEASE\spring-web-5.2.4.RELEASE.jar;F:\Java\maven\repository\org\springframework\spring-beans\5.2.4.RELEASE\spring-beans-5.2.4.RELEASE.jar;F:\Java\maven\repository\org\springframework\spring-webmvc\5.2.4.RELEASE\spring-webmvc-5.2.4.RELEASE.jar;F:\Java\maven\repository\org\springframework\spring-context\5.2.4.RELEASE\spring-context-5.2.4.RELEASE.jar;F:\Java\maven\repository\org\springframework\spring-expression\5.2.4.RELEASE\spring-expression-5.2.4.RELEASE.jar;F:\Java\maven\repository\mysql\mysql-connector-java\8.0.19\mysql-connector-java-8.0.19.jar;F:\Java\maven\repository\org\projectlombok\lombok\1.18.12\lombok-1.18.12.jar;F:\Java\maven\repository\org\springframework\boot\spring-boot-starter-test\2.2.5.RELEASE\spring-boot-starter-test-2.2.5.RELEASE.jar;F:\Java\maven\repository\org\springframework\boot\spring-boot-test\2.2.5.RELEASE\spring-boot-test-2.2.5.RELEASE.jar;F:\Java\maven\repository\org\springframework\boot\spring-boot-test-autoconfigure\2.2.5.RELEASE\spring-boot-test-autoconfigure-2.2.5.RELEASE.jar;F:\Java\maven\repository\com\jayway\jsonpath\json-path\2.4.0\json-path-2.4.0.jar;F:\Java\maven\repository\net\minidev\json-smart\2.3\json-smart-2.3.jar;F:\Java\maven\repository\net\minidev\accessors-smart\1.2\accessors-smart-1.2.jar;F:\Java\maven\repository\org\ow2\asm\asm\5.0.4\asm-5.0.4.jar;F:\Java\maven\repository\jakarta\xml\bind\jakarta.xml.bind-api\2.3.2\jakarta.xml.bind-api-2.3.2.jar;F:\Java\maven\repository\jakarta\activation\jakarta.activation-api\1.2.2\jakarta.activation-api-1.2.2.jar;F:\Java\maven\repository\org\junit\jupiter\junit-jupiter\5.5.2\junit-jupiter-5.5.2.jar;F:\Java\maven\repository\org\junit\jupiter\junit-jupiter-api\5.5.2\junit-jupiter-api-5.5.2.jar;F:\Java\maven\repository\org\apiguardian\apiguardian-api\1.1.0\apiguardian-api-1.1.0.jar;F:\Java\maven\repository\org\opentest4j\opentest4j\1.2.0\opentest4j-1.2.0.jar;F:\Java\maven\repository\org\junit\platform\junit-platform-commons\1.5.2\junit-platform-commons-1.5.2.jar;F:\Java\maven\repository\org\junit\jupiter\junit-jupiter-params\5.5.2\junit-jupiter-params-5.5.2.jar;F:\Java\maven\repository\org\junit\jupiter\junit-jupiter-engine\5.5.2\junit-jupiter-engine-5.5.2.jar;F:\Java\maven\repository\org\junit\platform\junit-platform-engine\1.5.2\junit-platform-engine-1.5.2.jar;F:\Java\maven\repository\org\mockito\mockito-junit-jupiter\3.1.0\mockito-junit-jupiter-3.1.0.jar;F:\Java\maven\repository\org\assertj\assertj-core\3.13.2\assertj-core-3.13.2.jar;F:\Java\maven\repository\org\hamcrest\hamcrest\2.1\hamcrest-2.1.jar;F:\Java\maven\repository\org\mockito\mockito-core\3.1.0\mockito-core-3.1.0.jar;F:\Java\maven\repository\net\bytebuddy\byte-buddy\1.10.8\byte-buddy-1.10.8.jar;F:\Java\maven\repository\net\bytebuddy\byte-buddy-agent\1.10.8\byte-buddy-agent-1.10.8.jar;F:\Java\maven\repository\org\objenesis\objenesis\2.6\objenesis-2.6.jar;F:\Java\maven\repository\org\skyscreamer\jsonassert\1.5.0\jsonassert-1.5.0.jar;F:\Java\maven\repository\com\vaadin\external\google\android-json\0.0.20131108.vaadin1\android-json-0.0.20131108.vaadin1.jar;F:\Java\maven\repository\org\springframework\spring-core\5.2.4.RELEASE\spring-core-5.2.4.RELEASE.jar;F:\Java\maven\repository\org\springframework\spring-jcl\5.2.4.RELEASE\spring-jcl-5.2.4.RELEASE.jar;F:\Java\maven\repository\org\springframework\spring-test\5.2.4.RELEASE\spring-test-5.2.4.RELEASE.jar;F:\Java\maven\repository\org\xmlunit\xmlunit-core\2.6.3\xmlunit-core-2.6.3.jar;F:\Java\maven\repository\com\baomidou\mybatis-plus-boot-starter\3.2.0\mybatis-plus-boot-starter-3.2.0.jar;F:\Java\maven\repository\com\baomidou\mybatis-plus\3.2.0\mybatis-plus-3.2.0.jar;F:\Java\maven\repository\com\baomidou\mybatis-plus-extension\3.2.0\mybatis-plus-extension-3.2.0.jar;F:\Java\maven\repository\com\baomidou\mybatis-plus-core\3.2.0\mybatis-plus-core-3.2.0.jar;F:\Java\maven\repository\com\baomidou\mybatis-plus-annotation\3.2.0\mybatis-plus-annotation-3.2.0.jar;F:\Java\maven\repository\com\github\jsqlparser\jsqlparser\2.1\jsqlparser-2.1.jar;F:\Java\maven\repository\org\mybatis\mybatis\3.5.2\mybatis-3.5.2.jar;F:\Java\maven\repository\org\mybatis\mybatis-spring\2.0.2\mybatis-spring-2.0.2.jar;F:\Java\maven\repository\org\springframework\boot\spring-boot-autoconfigure\2.2.5.RELEASE\spring-boot-autoconfigure-2.2.5.RELEASE.jar;F:\Java\maven\repository\org\springframework\boot\spring-boot-starter-jdbc\2.2.5.RELEASE\spring-boot-starter-jdbc-2.2.5.RELEASE.jar;F:\Java\maven\repository\com\zaxxer\HikariCP\3.4.2\HikariCP-3.4.2.jar;F:\Java\maven\repository\org\springframework\spring-jdbc\5.2.4.RELEASE\spring-jdbc-5.2.4.RELEASE.jar;F:\Java\maven\repository\com\alibaba\druid\1.1.12\druid-1.1.12.jar;F:\Java\maven\repository\log4j\log4j\1.2.17\log4j-1.2.17.jar;F:\Java\maven\repository\org\apache\httpcomponents\httpclient\4.5.10\httpclient-4.5.10.jar;F:\Java\maven\repository\org\apache\httpcomponents\httpcore\4.4.13\httpcore-4.4.13.jar;F:\Java\maven\repository\com\alibaba\fastjson\1.2.58\fastjson-1.2.58.jar;F:\Java\maven\repository\com\belerweb\pinyin4j\2.5.0\pinyin4j-2.5.0.jar;F:\Java\maven\repository\io\protostuff\protostuff-core\1.4.0\protostuff-core-1.4.0.jar;F:\Java\maven\repository\io\protostuff\protostuff-api\1.4.0\protostuff-api-1.4.0.jar;F:\Java\maven\repository\io\protostuff\protostuff-runtime\1.4.0\protostuff-runtime-1.4.0.jar;F:\Java\maven\repository\io\protostuff\protostuff-collectionschema\1.4.0\protostuff-collectionschema-1.4.0.jar;F:\Java\maven\repository\net\sourceforge\htmlunit\htmlunit\2.36.0\htmlunit-2.36.0.jar;F:\Java\maven\repository\xalan\xalan\2.7.2\xalan-2.7.2.jar;F:\Java\maven\repository\xalan\serializer\2.7.2\serializer-2.7.2.jar;F:\Java\maven\repository\org\apache\commons\commons-lang3\3.9\commons-lang3-3.9.jar;F:\Java\maven\repository\org\apache\commons\commons-text\1.7\commons-text-1.7.jar;F:\Java\maven\repository\org\apache\httpcomponents\httpmime\4.5.11\httpmime-4.5.11.jar;F:\Java\maven\repository\net\sourceforge\htmlunit\htmlunit-core-js\2.36.0\htmlunit-core-js-2.36.0.jar;F:\Java\maven\repository\net\sourceforge\htmlunit\neko-htmlunit\2.36.0\neko-htmlunit-2.36.0.jar;F:\Java\maven\repository\xerces\xercesImpl\2.12.0\xercesImpl-2.12.0.jar;F:\Java\maven\repository\xml-apis\xml-apis\1.4.01\xml-apis-1.4.01.jar;F:\Java\maven\repository\net\sourceforge\htmlunit\htmlunit-cssparser\1.5.0\htmlunit-cssparser-1.5.0.jar;F:\Java\maven\repository\commons-io\commons-io\2.6\commons-io-2.6.jar;F:\Java\maven\repository\commons-net\commons-net\3.6\commons-net-3.6.jar;F:\Java\maven\repository\org\brotli\dec\0.1.2\dec-0.1.2.jar;F:\Java\maven\repository\org\eclipse\jetty\websocket\websocket-client\9.4.26.v20200117\websocket-client-9.4.26.v20200117.jar;F:\Java\maven\repository\org\eclipse\jetty\jetty-client\9.4.26.v20200117\jetty-client-9.4.26.v20200117.jar;F:\Java\maven\repository\org\eclipse\jetty\jetty-http\9.4.26.v20200117\jetty-http-9.4.26.v20200117.jar;F:\Java\maven\repository\org\eclipse\jetty\jetty-xml\9.4.26.v20200117\jetty-xml-9.4.26.v20200117.jar;F:\Java\maven\repository\org\eclipse\jetty\jetty-util\9.4.26.v20200117\jetty-util-9.4.26.v20200117.jar;F:\Java\maven\repository\org\eclipse\jetty\jetty-io\9.4.26.v20200117\jetty-io-9.4.26.v20200117.jar;F:\Java\maven\repository\org\eclipse\jetty\websocket\websocket-common\9.4.26.v20200117\websocket-common-9.4.26.v20200117.jar;F:\Java\maven\repository\org\eclipse\jetty\websocket\websocket-api\9.4.26.v20200117\websocket-api-9.4.26.v20200117.jar;F:\Java\maven\repository\org\springframework\boot\spring-boot-starter\2.2.5.RELEASE\spring-boot-starter-2.2.5.RELEASE.jar;F:\Java\maven\repository\org\springframework\boot\spring-boot\2.2.5.RELEASE\spring-boot-2.2.5.RELEASE.jar;F:\Java\maven\repository\org\springframework\boot\spring-boot-starter-logging\2.2.5.RELEASE\spring-boot-starter-logging-2.2.5.RELEASE.jar;F:\Java\maven\repository\ch\qos\logback\logback-classic\1.2.3\logback-classic-1.2.3.jar;F:\Java\maven\repository\ch\qos\logback\logback-core\1.2.3\logback-core-1.2.3.jar;F:\Java\maven\repository\org\apache\logging\log4j\log4j-to-slf4j\2.12.1\log4j-to-slf4j-2.12.1.jar;F:\Java\maven\repository\org\apache\logging\log4j\log4j-api\2.12.1\log4j-api-2.12.1.jar;F:\Java\maven\repository\org\slf4j\jul-to-slf4j\1.7.30\jul-to-slf4j-1.7.30.jar;F:\Java\maven\repository\jakarta\annotation\jakarta.annotation-api\1.3.5\jakarta.annotation-api-1.3.5.jar;F:\Java\maven\repository\org\yaml\snakeyaml\1.25\snakeyaml-1.25.jar;"/>
    <property name="sun.cpu.endian" value="little"/>
    <property name="user.home" value="C:\Users\18137"/>
    <property name="user.language" value="zh"/>
    <property name="java.specification.vendor" value="Oracle Corporation"/>
    <property name="java.home" value="C:\Program Files\Java\jdk1.8.0_201\jre"/>
    <property name="basedir" value="F:\Java\自研项目\centmusic\centmusic-api"/>
    <property name="file.separator" value="\"/>
    <property name="line.separator" value="&#10;"/>
    <property name="java.vm.specification.vendor" value="Oracle Corporation"/>
    <property name="java.specification.name" value="Java Platform API Specification"/>
    <property name="java.awt.graphicsenv" value="sun.awt.Win32GraphicsEnvironment"/>
    <property name="surefire.real.class.path" value="C:\Users\18137\AppData\Local\Temp\surefire4378085615619991446\surefirebooter5590976353121380182.jar"/>
    <property name="sun.boot.class.path" value="C:\Program Files\Java\jdk1.8.0_201\jre\lib\resources.jar;C:\Program Files\Java\jdk1.8.0_201\jre\lib\rt.jar;C:\Program Files\Java\jdk1.8.0_201\jre\lib\sunrsasign.jar;C:\Program Files\Java\jdk1.8.0_201\jre\lib\jsse.jar;C:\Program Files\Java\jdk1.8.0_201\jre\lib\jce.jar;C:\Program Files\Java\jdk1.8.0_201\jre\lib\charsets.jar;C:\Program Files\Java\jdk1.8.0_201\jre\lib\jfr.jar;C:\Program Files\Java\jdk1.8.0_201\jre\classes"/>
    <property name="user.script" value=""/>
    <property name="sun.management.compiler" value="HotSpot 64-Bit Tiered Compilers"/>
    <property name="java.runtime.version" value="1.8.0_201-b09"/>
    <property name="user.name" value="KEXUN"/>
    <property name="path.separator" value=";"/>
    <property name="os.version" value="10.0"/>
    <property name="java.endorsed.dirs" value="C:\Program Files\Java\jdk1.8.0_201\jre\lib\endorsed"/>
    <property name="java.runtime.name" value="Java(TM) SE Runtime Environment"/>
    <property name="file.encoding" value="GBK"/>
    <property name="java.vm.name" value="Java HotSpot(TM) 64-Bit Server VM"/>
    <property name="localRepository" value="F:\Java\maven\repository"/>
    <property name="java.vendor.url.bug" value="http://bugreport.sun.com/bugreport/"/>
    <property name="java.io.tmpdir" value="C:\Users\18137\AppData\Local\Temp\"/>
    <property name="java.version" value="1.8.0_201"/>
    <property name="user.dir" value="F:\Java\自研项目\centmusic\centmusic-api"/>
    <property name="os.arch" value="amd64"/>
    <property name="java.vm.specification.name" value="Java Virtual Machine Specification"/>
    <property name="java.awt.printerjob" value="sun.awt.windows.WPrinterJob"/>
    <property name="idea.version2019.3.1" value="true"/>
    <property name="sun.os.patch.level" value=""/>
    <property name="java.library.path" value="C:\Program Files\Java\jdk1.8.0_201\jre\bin;C:\WINDOWS\Sun\Java\bin;C:\WINDOWS\system32;C:\WINDOWS;C:\app\KEXUN\product\11.2.0\dbhome_1\bin;C:\Program Files (x86)\Common Files\Oracle\Java\javapath;C:\Program Files (x86)\Intel\iCLS Client\;C:\Program Files\Intel\iCLS Client\;C:\Windows\system32;C:\Windows;C:\Windows\System32\Wbem;C:\Windows\System32\WindowsPowerShell\v1.0\;C:\Program Files (x86)\Intel\Intel(R) Management Engine Components\DAL;C:\Program Files\Intel\Intel(R) Management Engine Components\DAL;C:\Program Files (x86)\Intel\Intel(R) Management Engine Components\IPT;C:\Program Files\Intel\Intel(R) Management Engine Components\IPT;C:\Program Files (x86)\NVIDIA Corporation\PhysX\Common;C:\Program Files\Java\jdk1.8.0_201\bin;C:\Program Files\Java\jdk1.8.0_201\jre\bin;C:\Program Files\MySQL\MySQL Server 5.5\bin;C:\WINDOWS\system32;C:\WINDOWS;C:\WINDOWS\System32\Wbem;C:\WINDOWS\System32\WindowsPowerShell\v1.0\;C:\WINDOWS\System32\OpenSSH\;C:\Program Files (x86)\Microsoft SQL Server\100\Tools\Binn\;C:\Program Files\Microsoft SQL Server\100\Tools\Binn\;C:\Program Files\Microsoft SQL Server\100\DTS\Binn\;F:\Java\maven\apache-maven-3.6.1\bin;C:\Program Files\Git\bin;C:\Program Files\Intel\WiFi\bin\;C:\Program Files\Common Files\Intel\WirelessCommon\;C:\Program Files\Redis\;C:\Program Files\VisualSVN Server\bin;C:\Program Files\TortoiseSVN\bin;D:\压力测试工具\Apache24\bin;;C:\Program Files\NVIDIA Corporation\NVIDIA NvDLISR;C:\Program Files\Microsoft SQL Server\Client SDK\ODBC\110\Tools\Binn\;C:\Program Files (x86)\Microsoft SQL Server\120\Tools\Binn\;C:\Program Files\Microsoft SQL Server\120\Tools\Binn\;C:\Program Files\Microsoft SQL Server\120\DTS\Binn\;C:\Program Files (x86)\Microsoft SQL Server\120\Tools\Binn\ManagementStudio\;C:\Program Files (x86)\Microsoft SQL Server\120\DTS\Binn\;C:\Program Files\dotnet\;C:\Program Files\Microsoft SQL Server\130\Tools\Binn\;D:\mysql-5.7.28-winx64\bin;C:\Users\18137\AppData\Local\Microsoft\WindowsApps;;C:\Users\18137\AppData\Local\Programs\Microsoft VS Code\bin;C:\Users\18137\AppData\Local\Programs\Fiddler;."/>
    <property name="java.vm.info" value="mixed mode"/>
    <property name="java.vendor" value="Oracle Corporation"/>
    <property name="java.vm.version" value="25.201-b09"/>
    <property name="java.ext.dirs" value="C:\Program Files\Java\jdk1.8.0_201\jre\lib\ext;C:\WINDOWS\Sun\Java\lib\ext"/>
    <property name="sun.io.unicode.encoding" value="UnicodeLittle"/>
    <property name="maven.repo.local" value="F:\Java\maven\repository"/>
    <property name="java.class.version" value="52.0"/>
  </properties>
  <testcase name="testUrl" classname="com.kexun.centmusic.CentmusicApplicationTests" time="2.553"/>
  <testcase name="test4" classname="com.kexun.centmusic.CentmusicApplicationTests" time="4.889">
    <error message="E:\music\后来-刘若英.lrc (系统找不到指定的路径。)" type="java.io.FileNotFoundException">java.io.FileNotFoundException: E:\music\后来-刘若英.lrc (系统找不到指定的路径。)
	at com.kexun.centmusic.CentmusicApplicationTests.saveLrc(CentmusicApplicationTests.java:77)
	at com.kexun.centmusic.CentmusicApplicationTests.test4(CentmusicApplicationTests.java:70)
</error>
    <system-out><![CDATA[音乐文件保存成功:桥边姑娘-海伦
2020-03-11 21:47:15  [com.kexun.centmusic.platformdata.QMusic:fsx-Executor-1:0 ] - [ ERROR ]  错误: E:\music\桥边姑娘-海伦.mp3 (系统找不到指定的路径。)
2020-03-11 21:47:15  [com.kexun.centmusic.platformdata.QMusic:fsx-Executor-1:2 ] - [ INFO ]  文件保存成功
歌词获取失败:桥边姑娘-海伦
音乐文件保存成功:冬眠-司南
2020-03-11 21:47:15  [com.kexun.centmusic.platformdata.QMusic:fsx-Executor-2:619 ] - [ ERROR ]  错误: E:\music\冬眠-司南.mp3 (系统找不到指定的路径。)
2020-03-11 21:47:15  [com.kexun.centmusic.platformdata.QMusic:fsx-Executor-2:620 ] - [ INFO ]  文件保存成功
歌词获取失败:冬眠-司南
音乐文件保存成功:世界这么大还是遇见你-程响
2020-03-11 21:47:16  [com.kexun.centmusic.platformdata.QMusic:fsx-Executor-3:805 ] - [ ERROR ]  错误: E:\music\世界这么大还是遇见你-程响.mp3 (系统找不到指定的路径。)
2020-03-11 21:47:16  [com.kexun.centmusic.platformdata.QMusic:fsx-Executor-3:806 ] - [ INFO ]  文件保存成功
歌词获取失败:世界这么大还是遇见你-程响
音乐文件保存成功:体面-于文文
2020-03-11 21:47:16  [com.kexun.centmusic.platformdata.QMusic:fsx-Executor-4:1240 ] - [ ERROR ]  错误: E:\music\体面-于文文.mp3 (系统找不到指定的路径。)
2020-03-11 21:47:16  [com.kexun.centmusic.platformdata.QMusic:fsx-Executor-4:1240 ] - [ INFO ]  文件保存成功
歌词获取失败:体面-于文文
音乐文件保存成功:你的答案-阿冗
2020-03-11 21:47:16  [com.kexun.centmusic.platformdata.QMusic:fsx-Executor-5:1702 ] - [ ERROR ]  错误: E:\music\你的答案-阿冗.mp3 (系统找不到指定的路径。)
2020-03-11 21:47:16  [com.kexun.centmusic.platformdata.QMusic:fsx-Executor-5:1703 ] - [ INFO ]  文件保存成功
歌词获取失败:你的答案-阿冗
音乐文件保存成功:下山-要不要买菜
2020-03-11 21:47:17  [com.kexun.centmusic.platformdata.QMusic:fsx-Executor-6:2208 ] - [ ERROR ]  错误: E:\music\下山-要不要买菜.mp3 (系统找不到指定的路径。)
2020-03-11 21:47:17  [com.kexun.centmusic.platformdata.QMusic:fsx-Executor-6:2209 ] - [ INFO ]  文件保存成功
歌词获取失败:下山-要不要买菜
音乐文件保存成功:后来-刘若英
2020-03-11 21:47:17  [com.kexun.centmusic.platformdata.QMusic:fsx-Executor-7:2578 ] - [ ERROR ]  错误: E:\music\后来-刘若英.mp3 (系统找不到指定的路径。)
2020-03-11 21:47:17  [com.kexun.centmusic.platformdata.QMusic:fsx-Executor-7:2578 ] - [ INFO ]  文件保存成功
]]></system-out>
  </testcase>
</testsuite>